gyp http GET http://nodejs.org/dist/v0.10.19/node-v0.10.19.tar.gz
gyp http 200 http://nodejs.org/dist/v0.10.19/node-v0.10.19.tar.gz
i686-apple-darwin11-llvm-g++-4.2: classes/CS326/geochat/node_modules/mongodb/node_modules/bson/node_modules/nan: No such file or directory
In file included from ../ext/bson.cc:35:
../ext/bson.h:17:17: error: nan.h: No such file or directory
In file included from ../ext/bson.cc:35:
../ext/bson.h:57: error: ‘BSONDeserializeStream’ has not been declared
../ext/bson.h:57: error: ISO C++ forbids declaration of ‘NAN_METHOD’ with no type
../ext/bson.h:60: error: ‘BSONSerialize’ has not been declared
../ext/bson.h:60: error: ISO C++ forbids declaration of ‘NAN_METHOD’ with no type
../ext/bson.h:60: error: ‘static int BSON::NAN_METHOD(int)’ cannot be overloaded
../ext/bson.h:57: error: with ‘static int BSON::NAN_METHOD(int)’
../ext/bson.h:61: error: ‘BSONDeserialize’ has not been declared
../ext/bson.h:61: error: ISO C++ forbids declaration of ‘NAN_METHOD’ with no type
../ext/bson.h:61: error: ‘static int BSON::NAN_METHOD(int)’ cannot be overloaded
../ext/bson.h:57: error: with ‘static int BSON::NAN_METHOD(int)’
../ext/bson.h:64: error: ‘CalculateObjectSize’ has not been declared
../ext/bson.h:64: error: ISO C++ forbids declaration of ‘NAN_METHOD’ with no type
../ext/bson.h:64: error: ‘static int BSON::NAN_METHOD(int)’ cannot be overloaded
../ext/bson.h:57: error: with ‘static int BSON::NAN_METHOD(int)’
../ext/bson.h:65: error: ‘SerializeWithBufferAndIndex’ has not been declared
../ext/bson.h:65: error: ISO C++ forbids declaration of ‘NAN_METHOD’ with no type
../ext/bson.h:65: error: ‘static int BSON::NAN_METHOD(int)’ cannot be overloaded
../ext/bson.h:57: error: with ‘static int BSON::NAN_METHOD(int)’
../ext/bson.h:71: error: ‘New’ has not been declared
../ext/bson.h:71: error: ISO C++ forbids declaration of ‘NAN_METHOD’ with no type
../ext/bson.h:71: error: ‘static int BSON::NAN_METHOD(int)’ cannot be overloaded
../ext/bson.h:57: error: with ‘static int BSON::NAN_METHOD(int)’
../ext/bson.cc: In member function ‘void BSONSerializer<T>::SerializeValue(void*, const v8::Handle<v8::Value>&)’:
../ext/bson.cc:203: error: there are no arguments to ‘NanPersistentToLocal’ that depend on a template parameter, so a declaration of ‘NanPersistentToLocal’ must be available
../ext/bson.cc:203: error: (if you use ‘-fpermissive’, G++ will accept your code, but allowing the use of an undeclared name is deprecated)
../ext/bson.cc:206: error: there are no arguments to ‘NanPersistentToLocal’ that depend on a template parameter, so a declaration of ‘NanPersistentToLocal’ must be available
../ext/bson.cc:209: error: there are no arguments to ‘NanPersistentToLocal’ that depend on a template parameter, so a declaration of ‘NanPersistentToLocal’ must be available
../ext/bson.cc:210: error: there are no arguments to ‘NanPersistentToLocal’ that depend on a template parameter, so a declaration of ‘NanPersistentToLocal’ must be available
../ext/bson.cc:212: error: there are no arguments to ‘NanPersistentToLocal’ that depend on a template parameter, so a declaration of ‘NanPersistentToLocal’ must be available
../ext/bson.cc:215: error: there are no arguments to ‘NanPersistentToLocal’ that depend on a template parameter, so a declaration of ‘NanPersistentToLocal’ must be available
../ext/bson.cc:216: error: there are no arguments to ‘NanPersistentToLocal’ that depend on a template parameter, so a declaration of ‘NanPersistentToLocal’ must be available
../ext/bson.cc:218: error: there are no arguments to ‘NanPersistentToLocal’ that depend on a template parameter, so a declaration of ‘NanPersistentToLocal’ must be available
../ext/bson.cc:221: error: there are no arguments to ‘NanPersistentToLocal’ that depend on a template parameter, so a declaration of ‘NanPersistentToLocal’ must be available
../ext/bson.cc:223: error: there are no arguments to ‘NanPersistentToLocal’ that depend on a template parameter, so a declaration of ‘NanPersistentToLocal’ must be available
../ext/bson.cc:227: error: there are no arguments to ‘NanPersistentToLocal’ that depend on a template parameter, so a declaration of ‘NanPersistentToLocal’ must be available
../ext/bson.cc:228: error: there are no arguments to ‘NanPersistentToLocal’ that depend on a template parameter, so a declaration of ‘NanPersistentToLocal’ must be available
../ext/bson.cc:231: error: there are no arguments to ‘NanPersistentToLocal’ that depend on a template parameter, so a declaration of ‘NanPersistentToLocal’ must be available
../ext/bson.cc:233: error: there are no arguments to ‘NanPersistentToLocal’ that depend on a template parameter, so a declaration of ‘NanPersistentToLocal’ must be available
../ext/bson.cc:239: error: there are no arguments to ‘NanPersistentToLocal’ that depend on a template parameter, so a declaration of ‘NanPersistentToLocal’ must be available
../ext/bson.cc:242: error: there are no arguments to ‘NanPersistentToLocal’ that depend on a template parameter, so a declaration of ‘NanPersistentToLocal’ must be available
../ext/bson.cc:244: error: there are no arguments to ‘NanPersistentToLocal’ that depend on a template parameter, so a declaration of ‘NanPersistentToLocal’ must be available
../ext/bson.cc:247: error: there are no arguments to ‘NanPersistentToLocal’ that depend on a template parameter, so a declaration of ‘NanPersistentToLocal’ must be available
../ext/bson.cc:249: error: there are no arguments to ‘NanPersistentToLocal’ that depend on a template parameter, so a declaration of ‘NanPersistentToLocal’ must be available
../ext/bson.cc:251: error: there are no arguments to ‘NanPersistentToLocal’ that depend on a template parameter, so a declaration of ‘NanPersistentToLocal’ must be available
../ext/bson.cc:252: error: there are no arguments to ‘NanPersistentToLocal’ that depend on a template parameter, so a declaration of ‘NanPersistentToLocal’ must be available
../ext/bson.cc:275: error: there are no arguments to ‘NanPersistentToLocal’ that depend on a template parameter, so a declaration of ‘NanPersistentToLocal’ must be available
../ext/bson.cc:283: error: there are no arguments to ‘NanPersistentToLocal’ that depend on a template parameter, so a declaration of ‘NanPersistentToLocal’ must be available
../ext/bson.cc:287: error: there are no arguments to ‘NanPersistentToLocal’ that depend on a template parameter, so a declaration of ‘NanPersistentToLocal’ must be available
../ext/bson.cc:289: error: there are no arguments to ‘NanPersistentToLocal’ that depend on a template parameter, so a declaration of ‘NanPersistentToLocal’ must be available
../ext/bson.cc:300: error: there are no arguments to ‘NanPersistentToLocal’ that depend on a template parameter, so a declaration of ‘NanPersistentToLocal’ must be available
../ext/bson.cc:304: error: there are no arguments to ‘NanPersistentToLocal’ that depend on a template parameter, so a declaration of ‘NanPersistentToLocal’ must be available
../ext/bson.cc: In member function ‘v8::Handle<v8::Value> BSONDeserializer::DeserializeDocumentInternal(bool)’:
../ext/bson.cc:438: error: ‘NanPersistentToLocal’ was not declared in this scope
../ext/bson.cc: In member function ‘v8::Handle<v8::Value> BSONDeserializer::DeserializeValue(BsonType, bool)’:
../ext/bson.cc:498: error: ‘NanPersistentToLocal’ was not declared in this scope
../ext/bson.cc:517: error: ‘NanPersistentToLocal’ was not declared in this scope
../ext/bson.cc:526: error: ‘NanPersistentToLocal’ was not declared in this scope
../ext/bson.cc:532: error: ‘NanPersistentToLocal’ was not declared in this scope
../ext/bson.cc:543: error: ‘NanNewBufferHandle’ was not declared in this scope
../ext/bson.cc:547: error: ‘NanPersistentToLocal’ was not declared in this scope
../ext/bson.cc:570: error: ‘NanPersistentToLocal’ was not declared in this scope
../ext/bson.cc:586: error: ‘NanPersistentToLocal’ was not declared in this scope
../ext/bson.cc:590: error: ‘NanPersistentToLocal’ was not declared in this scope
../ext/bson.cc: In constructor ‘BSON::BSON()’:
../ext/bson.cc:607: error: expected primary-expression before ‘,’ token
../ext/bson.cc:607: error: ‘NanAssignPersistent’ was not declared in this scope
../ext/bson.cc:608: error: expected primary-expression before ‘,’ token
../ext/bson.cc:609: error: expected primary-expression before ‘,’ token
../ext/bson.cc:610: error: expected primary-expression before ‘,’ token
../ext/bson.cc:611: error: expected primary-expression before ‘,’ token
../ext/bson.cc:612: error: expected primary-expression before ‘,’ token
../ext/bson.cc:613: error: expected primary-expression before ‘,’ token
../ext/bson.cc:614: error: expected primary-expression before ‘,’ token
../ext/bson.cc:615: error: expected primary-expression before ‘,’ token
../ext/bson.cc:616: error: expected primary-expression before ‘,’ token
../ext/bson.cc:617: error: expected primary-expression before ‘,’ token
../ext/bson.cc:618: error: expected primary-expression before ‘,’ token
../ext/bson.cc:619: error: expected primary-expression before ‘,’ token
../ext/bson.cc:620: error: expected primary-expression before ‘,’ token
../ext/bson.cc:621: error: expected primary-expression before ‘,’ token
../ext/bson.cc:622: error: expected primary-expression before ‘,’ token
../ext/bson.cc:623: error: expected primary-expression before ‘,’ token
../ext/bson.cc:624: error: expected primary-expression before ‘,’ token
../ext/bson.cc:626: error: expected primary-expression before ‘,’ token
../ext/bson.cc:627: error: expected primary-expression before ‘,’ token
../ext/bson.cc:628: error: expected primary-expression before ‘,’ token
../ext/bson.cc:629: error: expected primary-expression before ‘,’ token
../ext/bson.cc:630: error: expected primary-expression before ‘,’ token
../ext/bson.cc:631: error: expected primary-expression before ‘,’ token
../ext/bson.cc:632: error: expected primary-expression before ‘,’ token
../ext/bson.cc:633: error: expected primary-expression before ‘,’ token
../ext/bson.cc:634: error: expected primary-expression before ‘,’ token
../ext/bson.cc:635: error: expected primary-expression before ‘,’ token
../ext/bson.cc: In static member function ‘static void BSON::Initialize(v8::Handle<v8::Object>)’:
../ext/bson.cc:641: error: ‘NanScope’ was not declared in this scope
../ext/bson.cc:643: error: ‘New’ was not declared in this scope
../ext/bson.cc:648: error: ‘CalculateObjectSize’ was not declared in this scope
../ext/bson.cc:649: error: ‘BSONSerialize’ was not declared in this scope
../ext/bson.cc:650: error: ‘SerializeWithBufferAndIndex’ was not declared in this scope
../ext/bson.cc:651: error: ‘BSONDeserialize’ was not declared in this scope
../ext/bson.cc:652: error: ‘BSONDeserializeStream’ was not declared in this scope
../ext/bson.cc:654: error: expected primary-expression before ‘,’ token
../ext/bson.cc:654: error: ‘NanAssignPersistent’ was not declared in this scope
../ext/bson.cc: At global scope:
../ext/bson.cc:660: error: expected constructor, destructor, or type conversion before ‘(’ token
make: *** [Release/obj.target/bson/ext/bson.o] Error 1
gyp ERR! build error 
gyp ERR! stack Error: `make` failed with exit code: 2
gyp ERR! stack     at ChildProcess.onExit (/usr/local/lib/node_modules/npm/node_modules/node-gyp/lib/build.js:267:23)
gyp ERR! stack     at ChildProcess.EventEmitter.emit (events.js:98:17)
gyp ERR! stack     at Process.ChildProcess._handle.onexit (child_process.js:789:12)
gyp ERR! System Darwin 11.4.2
gyp ERR! command "node" "/usr/local/lib/node_modules/npm/node_modules/node-gyp/bin/node-gyp.js" "rebuild"
gyp ERR! cwd /Users/joshwolfman/Desktop/CS classes/CS326/geochat/node_modules/mongodb/node_modules/bson
gyp ERR! node -v v0.10.19
gyp ERR! node-gyp -v v0.10.10
gyp ERR! not ok 
